<?xml version="1.0" encoding="UTF-8"?>
<testsuite xmlns:xsi="http://www.w3.org/2001/XMLSchema-instance" xsi:noNamespaceSchemaLocation="https://maven.apache.org/surefire/maven-surefire-plugin/xsd/surefire-test-report-3.0.xsd" version="3.0" name="upmarts.controlador.ControladorUsuariosTest" time="0.243" tests="32" errors="0" skipped="0" failures="0">
  <properties>
[...]
</properties>
  <testcase name="registrarParticipanteConCorreoInvalidoDevuelveFalse" classname="upmarts.controlador.ControladorUsuariosTest" time="0.073"/>
  <testcase name="detectarCorreoAlumnoUPMDevuelveAlumno" classname="upmarts.controlador.ControladorUsuariosTest" time="0.0"/>
  <testcase name="registrarParticipanteConDNIInvalidoDevuelveFalse" classname="upmarts.controlador.ControladorUsuariosTest" time="0.0"/>
  <testcase name="participantePuedeDarseDeBaja" classname="upmarts.controlador.ControladorUsuariosTest" time="0.0"/>
  <testcase name="registrarPersonalUPMCorrectoDevuelveTrue" classname="upmarts.controlador.ControladorUsuariosTest" time="0.004"/>
  <testcase name="listarParticipantesAdministradorDevuelveSoloParticipantes" classname="upmarts.controlador.ControladorUsuariosTest" time="0.003"/>
  <testcase name="calcularDescuentoPersonalDevuelveTope" classname="upmarts.controlador.ControladorUsuariosTest" time="0.003"/>
  <testcase name="registrarParticipanteConNombreVacioDevuelveFalse" classname="upmarts.controlador.ControladorUsuariosTest" time="0.001"/>
  <testcase name="registrarParticipanteConNickConflictivoDevuelveFalse" classname="upmarts.controlador.ControladorUsuariosTest" time="0.002"/>
  <testcase name="registrarParticipanteConNickDuplicadoDevuelveFalse" classname="upmarts.controlador.ControladorUsuariosTest" time="0.003"/>
  <testcase name="administradorNullNoPuedeRegistrarInstructor" classname="upmarts.controlador.ControladorUsuariosTest" time="0.002"/>
  <testcase name="registrarPersonalUPMConAntiguedadInvalidaDevuelveFalse" classname="upmarts.controlador.ControladorUsuariosTest" time="0.001"/>
  <testcase name="registrarParticipanteConPasswordInvalidaDevuelveFalse" classname="upmarts.controlador.ControladorUsuariosTest" time="0.002"/>
  <testcase name="detectarCorreoNoValidoDevuelveCorreoInvalido" classname="upmarts.controlador.ControladorUsuariosTest" time="0.001"/>
  <testcase name="loginConCredencialesIncorrectasDevuelveNull" classname="upmarts.controlador.ControladorUsuariosTest" time="0.003"/>
  <testcase name="participantePuedeActualizarPreferencias" classname="upmarts.controlador.ControladorUsuariosTest" time="0.004"/>
  <testcase name="actualizarDatosParticipanteEstudianteCorrectoDevuelveTrue" classname="upmarts.controlador.ControladorUsuariosTest" time="0.004"/>
  <testcase name="administradorPuedeDarBajaUsuarioExistente" classname="upmarts.controlador.ControladorUsuariosTest" time="0.003"/>
  <testcase name="administradorNoPuedeDarBajaASiMismo" classname="upmarts.controlador.ControladorUsuariosTest" time="0.001"/>
  <testcase name="registrarParticipanteExternoCorrectoDevuelveTrue" classname="upmarts.controlador.ControladorUsuariosTest" time="0.001"/>
  <testcase name="listarInstructoresAdministradorDevuelveSoloInstructores" classname="upmarts.controlador.ControladorUsuariosTest" time="0.002"/>
  <testcase name="registrarAlumnoUPMCorrectoDevuelveTrue" classname="upmarts.controlador.ControladorUsuariosTest" time="0.001"/>
  <testcase name="administradorPuedeDarAltaInstructor" classname="upmarts.controlador.ControladorUsuariosTest" time="0.002"/>
  <testcase name="registrarAlumnoUPMSinValidacionUPMDevuelveFalse" classname="upmarts.controlador.ControladorUsuariosTest" time="0.002"/>
  <testcase name="persistenciaRecuperaUsuariosDeFichero" classname="upmarts.controlador.ControladorUsuariosTest" time="0.005"/>
  <testcase name="detectarCorreoPersonalUPMDevuelvePersonal" classname="upmarts.controlador.ControladorUsuariosTest" time="0.001"/>
  <testcase name="actualizarPreferenciasConParticipanteNoPersistidoDevuelveFalse" classname="upmarts.controlador.ControladorUsuariosTest" time="0.001"/>
  <testcase name="registrarParticipanteConTarjetaInvalidaDevuelveFalse" classname="upmarts.controlador.ControladorUsuariosTest" time="0.001"/>
  <testcase name="administradorNoPuedeDarseDeBaja" classname="upmarts.controlador.ControladorUsuariosTest" time="0.002"/>
  <testcase name="loginConCredencialesCorrectasDevuelveUsuario" classname="upmarts.controlador.ControladorUsuariosTest" time="0.002"/>
  <testcase name="listarUsuariosAdministradorDevuelveUsuariosRegistrados" classname="upmarts.controlador.ControladorUsuariosTest" time="0.005"/>
  <testcase name="registrarParticipanteConCorreoDuplicadoDevuelveFalse" classname="upmarts.controlador.ControladorUsuariosTest" time="0.002"/>
</testsuite>